This is LuaTeX, Version 1.07.0 (TeX Live 2018)  (format=lualatex 2018.6.5)  1 JUL 2024 10:32
 restricted system commands enabled.
**cover.tex
(./cover.tex
LaTeX2e <2018-04-01> patch level 2
Lua module: luaotfload-main 2017/01/29 2.80001 OpenType layout system.
Lua module: lualibs 2017-02-01 2.5 ConTeXt Lua standard libraries.
Lua module: lualibs-extended 2017-02-01 2.5 ConTeXt Lua libraries -- extended co
llection.(using write cache: /usr/local/texlive/2018/texmf-var/luatex-cache/gene
ric)(using read cache: /usr/local/texlive/2018/texmf-var/luatex-cache/generic /U
sers/dantes/Library/texlive/2018/texmf-var/luatex-cache/generic)
luaotfload | conf : Root cache directory is /usr/local/texlive/2018/texmf-var/lu
atex-cache/generic/names.
luaotfload | init : Loading fontloader “fontloader-2017-02-11.lua” from kpse
-resolved path “/usr/local/texlive/2018/texmf-dist/tex/luatex/luaotfload/fontl
oader-2017-02-11.lua”.
Lua-only attribute luaotfload@state = 1
Lua-only attribute luaotfload@noligature = 2
Lua-only attribute luaotfload@syllabe = 3
luaotfload | init : Context OpenType loader version “3.027”
Inserting `luaotfload.node_processor' at position 1 in `pre_linebreak_filter'.
Inserting `luaotfload.node_processor' at position 1 in `hpack_filter'.
Inserting `luaotfload.define_font' at position 1 in `define_font'.
Lua-only attribute luaotfload_color_attribute = 4
luaotfload | conf : Root cache directory is /usr/local/texlive/2018/texmf-var/lu
atex-cache/generic/names.
Inserting `luaotfload.aux.set_sscale_dimens' at position 1 in `luaotfload.patch_
font'.
Inserting `luaotfload.aux.patch_cambria_domh' at position 2 in `luaotfload.patch
_font'.
Inserting `luaotfload.aux.fixup_fontdata' at position 1 in `luaotfload.patch_fon
t_unsafe'.
Inserting `luaotfload.aux.set_capheight' at position 3 in `luaotfload.patch_font
'.
Inserting `luaotfload.rewrite_fontname' at position 4 in `luaotfload.patch_font'
.
luaotfload | main : initialization completed in 0.646 seconds
Babel <3.18> and hyphenation patterns for 1 language(s) loaded.
! Undefined control sequence.
l.3 \newgeometry
              {margin=5pt} % Adjust as per your custom requirements
The control sequence at the end of the top line
of your error message was never \def'ed. If you have
misspelled it (e.g., `\hobx'), type `I' and the correct
spelling (e.g., `I\hbox'). Otherwise just continue,
and I'll forget about whatever was undefined.


! LaTeX Error: Missing \begin{document}.

See the LaTeX manual or LaTeX Companion for explanation.
Type  H <return>  for immediate help.
 ...                                              
                                                  
l.3 \newgeometry{m
                argin=5pt} % Adjust as per your custom requirements
You're in trouble here.  Try typing  <return>  to proceed.
If that doesn't work, type  X <return>  to quit.


Overfull \hbox (20.0pt too wide) in paragraph at lines 3--4
[]margin=5pt 
 []

! Undefined control sequence.
l.9   \NewCoffin
               \result
The control sequence at the end of the top line
of your error message was never \def'ed. If you have
misspelled it (e.g., `\hobx'), type `I' and the correct
spelling (e.g., `I\hbox'). Otherwise just continue,
and I'll forget about whatever was undefined.

! Undefined control sequence.
l.9   \NewCoffin \result
                      
The control sequence at the end of the top line
of your error message was never \def'ed. If you have
misspelled it (e.g., `\hobx'), type `I' and the correct
spelling (e.g., `I\hbox'). Otherwise just continue,
and I'll forget about whatever was undefined.

! Undefined control sequence.
l.10   \NewCoffin
                \aaa
The control sequence at the end of the top line
of your error message was never \def'ed. If you have
misspelled it (e.g., `\hobx'), type `I' and the correct
spelling (e.g., `I\hbox'). Otherwise just continue,
and I'll forget about whatever was undefined.

! Undefined control sequence.
l.10   \NewCoffin \aaa
                    
The control sequence at the end of the top line
of your error message was never \def'ed. If you have
misspelled it (e.g., `\hobx'), type `I' and the correct
spelling (e.g., `I\hbox'). Otherwise just continue,
and I'll forget about whatever was undefined.

! Undefined control sequence.
l.11   \NewCoffin
                \bbb
The control sequence at the end of the top line
of your error message was never \def'ed. If you have
misspelled it (e.g., `\hobx'), type `I' and the correct
spelling (e.g., `I\hbox'). Otherwise just continue,
and I'll forget about whatever was undefined.

! Undefined control sequence.
l.11   \NewCoffin \bbb
                    
The control sequence at the end of the top line
of your error message was never \def'ed. If you have
misspelled it (e.g., `\hobx'), type `I' and the correct
spelling (e.g., `I\hbox'). Otherwise just continue,
and I'll forget about whatever was undefined.

! Undefined control sequence.
l.12   \NewCoffin
                \ccc
The control sequence at the end of the top line
of your error message was never \def'ed. If you have
misspelled it (e.g., `\hobx'), type `I' and the correct
spelling (e.g., `I\hbox'). Otherwise just continue,
and I'll forget about whatever was undefined.

! Undefined control sequence.
l.12   \NewCoffin \ccc
                    
The control sequence at the end of the top line
of your error message was never \def'ed. If you have
misspelled it (e.g., `\hobx'), type `I' and the correct
spelling (e.g., `I\hbox'). Otherwise just continue,
and I'll forget about whatever was undefined.

! Undefined control sequence.
l.13   \NewCoffin
                \ddd
The control sequence at the end of the top line
of your error message was never \def'ed. If you have
misspelled it (e.g., `\hobx'), type `I' and the correct
spelling (e.g., `I\hbox'). Otherwise just continue,
and I'll forget about whatever was undefined.

! Undefined control sequence.
l.13   \NewCoffin \ddd
                    
The control sequence at the end of the top line
of your error message was never \def'ed. If you have
misspelled it (e.g., `\hobx'), type `I' and the correct
spelling (e.g., `I\hbox'). Otherwise just continue,
and I'll forget about whatever was undefined.

! Undefined control sequence.
l.14   \NewCoffin
                \eee
The control sequence at the end of the top line
of your error message was never \def'ed. If you have
misspelled it (e.g., `\hobx'), type `I' and the correct
spelling (e.g., `I\hbox'). Otherwise just continue,
and I'll forget about whatever was undefined.

! Undefined control sequence.
l.14   \NewCoffin \eee
                    
The control sequence at the end of the top line
of your error message was never \def'ed. If you have
misspelled it (e.g., `\hobx'), type `I' and the correct
spelling (e.g., `I\hbox'). Otherwise just continue,
and I'll forget about whatever was undefined.

! Undefined control sequence.
l.15   \NewCoffin
                \fff
The control sequence at the end of the top line
of your error message was never \def'ed. If you have
misspelled it (e.g., `\hobx'), type `I' and the correct
spelling (e.g., `I\hbox'). Otherwise just continue,
and I'll forget about whatever was undefined.

! Undefined control sequence.
l.15   \NewCoffin \fff
                    
The control sequence at the end of the top line
of your error message was never \def'ed. If you have
misspelled it (e.g., `\hobx'), type `I' and the correct
spelling (e.g., `I\hbox'). Otherwise just continue,
and I'll forget about whatever was undefined.

! Undefined control sequence.
l.16   \NewCoffin
                \rulei
The control sequence at the end of the top line
of your error message was never \def'ed. If you have
misspelled it (e.g., `\hobx'), type `I' and the correct
spelling (e.g., `I\hbox'). Otherwise just continue,
and I'll forget about whatever was undefined.

! Undefined control sequence.
l.16   \NewCoffin \rulei
                      
The control sequence at the end of the top line
of your error message was never \def'ed. If you have
misspelled it (e.g., `\hobx'), type `I' and the correct
spelling (e.g., `I\hbox'). Otherwise just continue,
and I'll forget about whatever was undefined.

! Undefined control sequence.
l.17   \NewCoffin
                \ruleii
The control sequence at the end of the top line
of your error message was never \def'ed. If you have
misspelled it (e.g., `\hobx'), type `I' and the correct
spelling (e.g., `I\hbox'). Otherwise just continue,
and I'll forget about whatever was undefined.

! Undefined control sequence.
l.17   \NewCoffin \ruleii
                       
The control sequence at the end of the top line
of your error message was never \def'ed. If you have
misspelled it (e.g., `\hobx'), type `I' and the correct
spelling (e.g., `I\hbox'). Otherwise just continue,
and I'll forget about whatever was undefined.

! Undefined control sequence.
l.18   \NewCoffin
                \ruleiii
The control sequence at the end of the top line
of your error message was never \def'ed. If you have
misspelled it (e.g., `\hobx'), type `I' and the correct
spelling (e.g., `I\hbox'). Otherwise just continue,
and I'll forget about whatever was undefined.

! Undefined control sequence.
l.18   \NewCoffin \ruleiii
                        
The control sequence at the end of the top line
of your error message was never \def'ed. If you have
misspelled it (e.g., `\hobx'), type `I' and the correct
spelling (e.g., `I\hbox'). Otherwise just continue,
and I'll forget about whatever was undefined.

! Undefined control sequence.
l.20 \SetHorizontalCoffin
                        \result {}
The control sequence at the end of the top line
of your error message was never \def'ed. If you have
misspelled it (e.g., `\hobx'), type `I' and the correct
spelling (e.g., `I\hbox'). Otherwise just continue,
and I'll forget about whatever was undefined.

! Undefined control sequence.
l.20 \SetHorizontalCoffin \result
                                {}
The control sequence at the end of the top line
of your error message was never \def'ed. If you have
misspelled it (e.g., `\hobx'), type `I' and the correct
spelling (e.g., `I\hbox'). Otherwise just continue,
and I'll forget about whatever was undefined.

! Undefined control sequence.
l.21 \SetHorizontalCoffin
                        \aaa {\fontsize{52}{50}\sffamily\bfseries overview\h...
The control sequence at the end of the top line
of your error message was never \def'ed. If you have
misspelled it (e.g., `\hobx'), type `I' and the correct
spelling (e.g., `I\hbox'). Otherwise just continue,
and I'll forget about whatever was undefined.

! Undefined control sequence.
l.21 \SetHorizontalCoffin \aaa
                             {\fontsize{52}{50}\sffamily\bfseries overview\h...
The control sequence at the end of the top line
of your error message was never \def'ed. If you have
misspelled it (e.g., `\hobx'), type `I' and the correct
spelling (e.g., `I\hbox'). Otherwise just continue,
and I'll forget about whatever was undefined.

luaotfload | db : Font names database loaded from /usr/local/texlive/2018/texmf-
var/luatex-cache/generic/names/luaotfload-names.luc(load luc: /usr/local/texlive
/2018/texmf-var/luatex-cache/generic/fonts/otl/lmsans17-regular.luc)(load luc: /
usr/local/texlive/2018/texmf-var/luatex-cache/generic/fonts/otl/lmsans10-bold.lu
c)

! LaTeX Error: Missing \begin{document}.

See the LaTeX manual or LaTeX Companion for explanation.
Type  H <return>  for immediate help.
 ...                                              
                                                  
l.21 ... \aaa {\fontsize{52}{50}\sffamily\bfseries o
                                                  verview\hspace{0cm}}
You're in trouble here.  Try typing  <return>  to proceed.
If that doesn't work, type  X <return>  to quit.

! Undefined control sequence.
l.22 \SetHorizontalCoffin
                        \bbb {\fontsize{52}{50}\sffamily\bfseries White paper}
The control sequence at the end of the top line
of your error message was never \def'ed. If you have
misspelled it (e.g., `\hobx'), type `I' and the correct
spelling (e.g., `I\hbox'). Otherwise just continue,
and I'll forget about whatever was undefined.

! Undefined control sequence.
l.22 \SetHorizontalCoffin \bbb
                             {\fontsize{52}{50}\sffamily\bfseries White paper}
The control sequence at the end of the top line
of your error message was never \def'ed. If you have
misspelled it (e.g., `\hobx'), type `I' and the correct
spelling (e.g., `I\hbox'). Otherwise just continue,
and I'll forget about whatever was undefined.

! Undefined control sequence.
l.23 \SetHorizontalCoffin
                        \ccc {\fontsize{12}{10}\sffamily
The control sequence at the end of the top line
of your error message was never \def'ed. If you have
misspelled it (e.g., `\hobx'), type `I' and the correct
spelling (e.g., `I\hbox'). Otherwise just continue,
and I'll forget about whatever was undefined.

! Undefined control sequence.
l.23 \SetHorizontalCoffin \ccc
                             {\fontsize{12}{10}\sffamily
The control sequence at the end of the top line
of your error message was never \def'ed. If you have
misspelled it (e.g., `\hobx'), type `I' and the correct
spelling (e.g., `I\hbox'). Otherwise just continue,
and I'll forget about whatever was undefined.

(load luc: /usr/local/texlive/2018/texmf-var/luatex-cache/generic/fonts/otl/lmsa
ns12-regular.luc)
! Undefined control sequence.
l.27 \SetHorizontalCoffin
                        \ddd {\fontsize{31}{36}\sffamily heading 2}
The control sequence at the end of the top line
of your error message was never \def'ed. If you have
misspelled it (e.g., `\hobx'), type `I' and the correct
spelling (e.g., `I\hbox'). Otherwise just continue,
and I'll forget about whatever was undefined.

! Undefined control sequence.
l.27 \SetHorizontalCoffin \ddd
                             {\fontsize{31}{36}\sffamily heading 2}
The control sequence at the end of the top line
of your error message was never \def'ed. If you have
misspelled it (e.g., `\hobx'), type `I' and the correct
spelling (e.g., `I\hbox'). Otherwise just continue,
and I'll forget about whatever was undefined.

! Undefined control sequence.
l.28 \SetVerticalCoffin
                      \eee {180pt}
The control sequence at the end of the top line
of your error message was never \def'ed. If you have
misspelled it (e.g., `\hobx'), type `I' and the correct
spelling (e.g., `I\hbox'). Otherwise just continue,
and I'll forget about whatever was undefined.

! Undefined control sequence.
l.28 \SetVerticalCoffin \eee
                           {180pt}
The control sequence at the end of the top line
of your error message was never \def'ed. If you have
misspelled it (e.g., `\hobx'), type `I' and the correct
spelling (e.g., `I\hbox'). Otherwise just continue,
and I'll forget about whatever was undefined.


Overfull \hbox (225.08801pt too wide) in paragraph at lines 21--30
 []\TU/lmss/bx/n/52 overview
 []


Overfull \hbox (144.092pt too wide) in paragraph at lines 21--30
 \TU/lmss/bx/n/52 White
 []


Overfull \hbox (75.556pt too wide) in paragraph at lines 21--30
 \TU/lmss/bx/n/52 pa-
 []


Overfull \hbox (76.7pt too wide) in paragraph at lines 21--30
 \TU/lmss/bx/n/52 per
 []


Overfull \hbox (18.216pt too wide) in paragraph at lines 21--30
 \TU/lmss/m/n/12 test
 []


Overfull \hbox (18.216pt too wide) in paragraph at lines 21--30
 \TU/lmss/m/n/12 test
 []


Overfull \hbox (18.216pt too wide) in paragraph at lines 21--30
 \TU/lmss/m/n/12 test
 []


Overfull \hbox (18.216pt too wide) in paragraph at lines 21--30
 \TU/lmss/m/n/12 test
 []


Overfull \hbox (18.216pt too wide) in paragraph at lines 21--30
 \TU/lmss/m/n/12 test
 []


Overfull \hbox (18.216pt too wide) in paragraph at lines 21--30
 \TU/lmss/m/n/12 test
 []


Overfull \hbox (18.216pt too wide) in paragraph at lines 21--30
 \TU/lmss/m/n/12 test
 []


Overfull \hbox (9.144pt too wide) in paragraph at lines 21--30
 \TU/lmss/m/n/12 •
 []


Overfull \hbox (66.65pt too wide) in paragraph at lines 21--30
 \TU/lmss/m/n/31 head-
 []


Overfull \hbox (36.487pt too wide) in paragraph at lines 21--30
 \TU/lmss/m/n/31 ing
 []


Overfull \hbox (14.57pt too wide) in paragraph at lines 21--30
 \TU/lmss/m/n/31 2
 []


Overfull \hbox (70.69998pt too wide) in paragraph at lines 21--30
 \TU/lmss/bx/n/28 head-
 []


Overfull \hbox (38.27599pt too wide) in paragraph at lines 21--30
 \TU/lmss/bx/n/28 ing
 []


Overfull \hbox (15.4pt too wide) in paragraph at lines 21--30
 \TU/lmss/bx/n/28 1
 []


! LaTeX Error: Missing \begin{document}.

See the LaTeX manual or LaTeX Companion for explanation.
Type  H <return>  for immediate help.
 ...                                              
                                                  
l.31                       h
                          eading 1 second line}
You're in trouble here.  Try typing  <return>  to proceed.
If that doesn't work, type  X <return>  to quit.

! Undefined control sequence.
l.32 \SetVerticalCoffin
                      \fff {140pt}
The control sequence at the end of the top line
of your error message was never \def'ed. If you have
misspelled it (e.g., `\hobx'), type `I' and the correct
spelling (e.g., `I\hbox'). Otherwise just continue,
and I'll forget about whatever was undefined.

! Undefined control sequence.
l.32 \SetVerticalCoffin \fff
                           {140pt}
The control sequence at the end of the top line
of your error message was never \def'ed. If you have
misspelled it (e.g., `\hobx'), type `I' and the correct
spelling (e.g., `I\hbox'). Otherwise just continue,
and I'll forget about whatever was undefined.


Overfull \hbox (70.69998pt too wide) in paragraph at lines 31--34
[]\TU/lmss/bx/n/28 head- 
 []


Overfull \hbox (38.27599pt too wide) in paragraph at lines 31--34
\TU/lmss/bx/n/28 ing 
 []


Overfull \hbox (15.4pt too wide) in paragraph at lines 31--34
\TU/lmss/bx/n/28 1 
 []


Overfull \hbox (50.092pt too wide) in paragraph at lines 31--34
\TU/lmss/bx/n/28 sec- 
 []


Overfull \hbox (46.81598pt too wide) in paragraph at lines 31--34
\TU/lmss/bx/n/28 ond 
 []


Overfull \hbox (44.35199pt too wide) in paragraph at lines 31--34
\TU/lmss/bx/n/28 line 
 []


Overfull \hbox (34.21599pt too wide) in paragraph at lines 31--34
\TU/lmss/bx/n/13 about 
 []


Overfull \hbox (34.21599pt too wide) in paragraph at lines 31--34
\TU/lmss/bx/n/13 about  
 []


! LaTeX Error: Missing \begin{document}.

See the LaTeX manual or LaTeX Companion for explanation.
Type  H <return>  for immediate help.
 ...                                              
                                                  
l.35                        a
                           bout about \\
You're in trouble here.  Try typing  <return>  to proceed.
If that doesn't work, type  X <return>  to quit.


Overfull \hbox (34.21599pt too wide) in paragraph at lines 35--35
[]\TU/lmss/bx/n/13 about 
 []


Overfull \hbox (34.21599pt too wide) in paragraph at lines 35--35
\TU/lmss/bx/n/13 about  
 []


! LaTeX Error: Missing \begin{document}.

See the LaTeX manual or LaTeX Companion for explanation.
Type  H <return>  for immediate help.
 ...                                              
                                                  
l.36                        a
                           bout about \\
You're in trouble here.  Try typing  <return>  to proceed.
If that doesn't work, type  X <return>  to quit.


Overfull \hbox (34.21599pt too wide) in paragraph at lines 36--36
[]\TU/lmss/bx/n/13 about 
 []


Overfull \hbox (34.21599pt too wide) in paragraph at lines 36--36
\TU/lmss/bx/n/13 about  
 []


! LaTeX Error: Missing \begin{document}.

See the LaTeX manual or LaTeX Companion for explanation.
Type  H <return>  for immediate help.
 ...                                              
                                                  
l.37                        a
                           bout about \\
You're in trouble here.  Try typing  <return>  to proceed.
If that doesn't work, type  X <return>  to quit.


Overfull \hbox (34.21599pt too wide) in paragraph at lines 37--37
[]\TU/lmss/bx/n/13 about 
 []


Overfull \hbox (34.21599pt too wide) in paragraph at lines 37--37
\TU/lmss/bx/n/13 about  
 []


! LaTeX Error: Missing \begin{document}.

See the LaTeX manual or LaTeX Companion for explanation.
Type  H <return>  for immediate help.
 ...                                              
                                                  
l.38                        a
                           bout about \\
You're in trouble here.  Try typing  <return>  to proceed.
If that doesn't work, type  X <return>  to quit.


Overfull \hbox (34.21599pt too wide) in paragraph at lines 38--38
[]\TU/lmss/bx/n/13 about 
 []


Overfull \hbox (34.21599pt too wide) in paragraph at lines 38--38
\TU/lmss/bx/n/13 about  
 []


! LaTeX Error: Missing \begin{document}.

See the LaTeX manual or LaTeX Companion for explanation.
Type  H <return>  for immediate help.
 ...                                              
                                                  
l.39                        a
                           bout about \\
You're in trouble here.  Try typing  <return>  to proceed.
If that doesn't work, type  X <return>  to quit.


Overfull \hbox (34.21599pt too wide) in paragraph at lines 39--39
[]\TU/lmss/bx/n/13 about 
 []


Overfull \hbox (34.21599pt too wide) in paragraph at lines 39--39
\TU/lmss/bx/n/13 about  
 []


! LaTeX Error: Missing \begin{document}.

See the LaTeX manual or LaTeX Companion for explanation.
Type  H <return>  for immediate help.
 ...                                              
                                                  
l.40                        a
                           bout about }
You're in trouble here.  Try typing  <return>  to proceed.
If that doesn't work, type  X <return>  to quit.


Overfull \hbox (34.21599pt too wide) in paragraph at lines 40--41
[]\TU/lmss/bx/n/13 about
 []


Overfull \hbox (34.21599pt too wide) in paragraph at lines 40--41
\TU/lmss/bx/n/13 about
 []

! Undefined control sequence.
l.42 \RotateCoffin
                 \bbb {90}
The control sequence at the end of the top line
of your error message was never \def'ed. If you have
misspelled it (e.g., `\hobx'), type `I' and the correct
spelling (e.g., `I\hbox'). Otherwise just continue,
and I'll forget about whatever was undefined.

! Undefined control sequence.
l.42 \RotateCoffin \bbb
                      {90}
The control sequence at the end of the top line
of your error message was never \def'ed. If you have
misspelled it (e.g., `\hobx'), type `I' and the correct
spelling (e.g., `I\hbox'). Otherwise just continue,
and I'll forget about whatever was undefined.


! LaTeX Error: Missing \begin{document}.

See the LaTeX manual or LaTeX Companion for explanation.
Type  H <return>  for immediate help.
 ...                                              
                                                  
l.42 \RotateCoffin \bbb {9
                        0}
You're in trouble here.  Try typing  <return>  to proceed.
If that doesn't work, type  X <return>  to quit.

! Undefined control sequence.
l.43 \RotateCoffin
                 \ccc {270}
The control sequence at the end of the top line
of your error message was never \def'ed. If you have
misspelled it (e.g., `\hobx'), type `I' and the correct
spelling (e.g., `I\hbox'). Otherwise just continue,
and I'll forget about whatever was undefined.

! Undefined control sequence.
l.43 \RotateCoffin \ccc
                      {270}
The control sequence at the end of the top line
of your error message was never \def'ed. If you have
misspelled it (e.g., `\hobx'), type `I' and the correct
spelling (e.g., `I\hbox'). Otherwise just continue,
and I'll forget about whatever was undefined.


Overfull \hbox (20.0pt too wide) in paragraph at lines 42--44
[]90
 []

! Undefined control sequence.
l.45 \SetHorizontalCoffin
                        \rulei  {\color{kispidarkgreen}\rule{6.5in}{1pc}}
The control sequence at the end of the top line
of your error message was never \def'ed. If you have
misspelled it (e.g., `\hobx'), type `I' and the correct
spelling (e.g., `I\hbox'). Otherwise just continue,
and I'll forget about whatever was undefined.

! Undefined control sequence.
l.45 \SetHorizontalCoffin \rulei
                                {\color{kispidarkgreen}\rule{6.5in}{1pc}}
The control sequence at the end of the top line
of your error message was never \def'ed. If you have
misspelled it (e.g., `\hobx'), type `I' and the correct
spelling (e.g., `I\hbox'). Otherwise just continue,
and I'll forget about whatever was undefined.

! Undefined control sequence.
l.45 \SetHorizontalCoffin \rulei  {\color
                                       {kispidarkgreen}\rule{6.5in}{1pc}}
The control sequence at the end of the top line
of your error message was never \def'ed. If you have
misspelled it (e.g., `\hobx'), type `I' and the correct
spelling (e.g., `I\hbox'). Otherwise just continue,
and I'll forget about whatever was undefined.


! LaTeX Error: Missing \begin{document}.

See the LaTeX manual or LaTeX Companion for explanation.
Type  H <return>  for immediate help.
 ...                                              
                                                  
l.45 \SetHorizontalCoffin \rulei  {\color{k
                                         ispidarkgreen}\rule{6.5in}{1pc}}
You're in trouble here.  Try typing  <return>  to proceed.
If that doesn't work, type  X <return>  to quit.

! Undefined control sequence.
l.46 \SetHorizontalCoffin
                        \ruleii {\color{kispidarkgreen}\rule{1pc}{23.5cm}}
The control sequence at the end of the top line
of your error message was never \def'ed. If you have
misspelled it (e.g., `\hobx'), type `I' and the correct
spelling (e.g., `I\hbox'). Otherwise just continue,
and I'll forget about whatever was undefined.

! Undefined control sequence.
l.46 \SetHorizontalCoffin \ruleii
                                {\color{kispidarkgreen}\rule{1pc}{23.5cm}}
The control sequence at the end of the top line
of your error message was never \def'ed. If you have
misspelled it (e.g., `\hobx'), type `I' and the correct
spelling (e.g., `I\hbox'). Otherwise just continue,
and I'll forget about whatever was undefined.

! Undefined control sequence.
l.46 \SetHorizontalCoffin \ruleii {\color
                                       {kispidarkgreen}\rule{1pc}{23.5cm}}
The control sequence at the end of the top line
of your error message was never \def'ed. If you have
misspelled it (e.g., `\hobx'), type `I' and the correct
spelling (e.g., `I\hbox'). Otherwise just continue,
and I'll forget about whatever was undefined.

! Undefined control sequence.
l.47 \SetHorizontalCoffin
                        \ruleiii{\color{black}\rule{10pt}{152pt}}
The control sequence at the end of the top line
of your error message was never \def'ed. If you have
misspelled it (e.g., `\hobx'), type `I' and the correct
spelling (e.g., `I\hbox'). Otherwise just continue,
and I'll forget about whatever was undefined.

! Undefined control sequence.
l.47 \SetHorizontalCoffin \ruleiii
                                {\color{black}\rule{10pt}{152pt}}
The control sequence at the end of the top line
of your error message was never \def'ed. If you have
misspelled it (e.g., `\hobx'), type `I' and the correct
spelling (e.g., `I\hbox'). Otherwise just continue,
and I'll forget about whatever was undefined.

! Undefined control sequence.
l.47 \SetHorizontalCoffin \ruleiii{\color
                                       {black}\rule{10pt}{152pt}}
The control sequence at the end of the top line
of your error message was never \def'ed. If you have
misspelled it (e.g., `\hobx'), type `I' and the correct
spelling (e.g., `I\hbox'). Otherwise just continue,
and I'll forget about whatever was undefined.


Overfull \hbox (489.75499pt too wide) in paragraph at lines 45--48
[]kispidarkgreen[]
 []


Overfull \hbox (12.0pt too wide) in paragraph at lines 45--48
kispidarkgreen[]
 []


Overfull \hbox (10.0pt too wide) in paragraph at lines 45--48
black[] 
 []


Underfull \vbox (badness 10000) has occurred while \output is active []

(load luc: /usr/local/texlive/2018/texmf-var/luatex-cache/generic/fonts/otl/lmro
man10-regular.luc)

! LaTeX Error: The font size command \normalsize is not defined:
               there is probably something wrong with the class file.

See the LaTeX manual or LaTeX Companion for explanation.
Type  H <return>  for immediate help.
 ...                                              
                                                  
l.48 
   
Your command was ignored.
Type  I <command> <return>  to replace it with another command,
or  <return>  to continue without it.

[1
Missing character: There is no m (U+006D) in font nullfont!
Missing character: There is no a (U+0061) in font nullfont!
Missing character: There is no r (U+0072) in font nullfont!
Missing character: There is no g (U+0067) in font nullfont!
Missing character: There is no i (U+0069) in font nullfont!
Missing character: There is no n (U+006E) in font nullfont!
Missing character: There is no = (U+003D) in font nullfont!
Missing character: There is no 5 (U+0035) in font nullfont!
Missing character: There is no p (U+0070) in font nullfont!
Missing character: There is no t (U+0074) in font nullfont!
{/usr/local/texlive/2018/texmf-var/fonts/map/pdftex/updmap/pdftex.map}
Missing character: There is no 1 (U+0031) in font nullfont!
Missing character: There is no 8 (U+0038) in font nullfont!
Missing character: There is no 0 (U+0030) in font nullfont!
Missing character: There is no p (U+0070) in font nullfont!
Missing character: There is no t (U+0074) in font nullfont!
Missing character: There is no 1 (U+0031) in font nullfont!
Missing character: There is no 4 (U+0034) in font nullfont!
Missing character: There is no 0 (U+0030) in font nullfont!
Missing character: There is no p (U+0070) in font nullfont!
Missing character: There is no t (U+0074) in font nullfont!
Missing character: There is no 9 (U+0039) in font nullfont!
Missing character: There is no 0 (U+0030) in font nullfont!
Missing character: There is no 2 (U+0032) in font nullfont!
Missing character: There is no 7 (U+0037) in font nullfont!
Missing character: There is no 0 (U+0030) in font nullfont!
Missing character: There is no k (U+006B) in font nullfont!
Missing character: There is no i (U+0069) in font nullfont!
Missing character: There is no s (U+0073) in font nullfont!
Missing character: There is no p (U+0070) in font nullfont!
Missing character: There is no i (U+0069) in font nullfont!
Missing character: There is no d (U+0064) in font nullfont!
Missing character: There is no a (U+0061) in font nullfont!
Missing character: There is no r (U+0072) in font nullfont!
Missing character: There is no k (U+006B) in font nullfont!
Missing character: There is no g (U+0067) in font nullfont!
Missing character: There is no r (U+0072) in font nullfont!
Missing character: There is no e (U+0065) in font nullfont!
Missing character: There is no e (U+0065) in font nullfont!
Missing character: There is no n (U+006E) in font nullfont!
]
! Undefined control sequence.
l.50 \JoinCoffins
                \result                \aaa
The control sequence at the end of the top line
of your error message was never \def'ed. If you have
misspelled it (e.g., `\hobx'), type `I' and the correct
spelling (e.g., `I\hbox'). Otherwise just continue,
and I'll forget about whatever was undefined.

! Undefined control sequence.
l.50 \JoinCoffins \result
                                       \aaa
The control sequence at the end of the top line
of your error message was never \def'ed. If you have
misspelled it (e.g., `\hobx'), type `I' and the correct
spelling (e.g., `I\hbox'). Otherwise just continue,
and I'll forget about whatever was undefined.

! Undefined control sequence.
l.50 \JoinCoffins \result                \aaa
                                           
The control sequence at the end of the top line
of your error message was never \def'ed. If you have
misspelled it (e.g., `\hobx'), type `I' and the correct
spelling (e.g., `I\hbox'). Otherwise just continue,
and I'll forget about whatever was undefined.

! Undefined control sequence.
l.51 \JoinCoffins
                \result[\aaa-t,\aaa-r] \rulei   [b,r](0pt,2mm)
The control sequence at the end of the top line
of your error message was never \def'ed. If you have
misspelled it (e.g., `\hobx'), type `I' and the correct
spelling (e.g., `I\hbox'). Otherwise just continue,
and I'll forget about whatever was undefined.

! Undefined control sequence.
l.51 \JoinCoffins \result
                       [\aaa-t,\aaa-r] \rulei   [b,r](0pt,2mm)
The control sequence at the end of the top line
of your error message was never \def'ed. If you have
misspelled it (e.g., `\hobx'), type `I' and the correct
spelling (e.g., `I\hbox'). Otherwise just continue,
and I'll forget about whatever was undefined.


! LaTeX Error: Missing \begin{document}.

See the LaTeX manual or LaTeX Companion for explanation.
Type  H <return>  for immediate help.
 ...                                              
                                                  
l.51 \JoinCoffins \result[
                        \aaa-t,\aaa-r] \rulei   [b,r](0pt,2mm)
You're in trouble here.  Try typing  <return>  to proceed.
If that doesn't work, type  X <return>  to quit.

! Undefined control sequence.
l.51 \JoinCoffins \result[\aaa
                            -t,\aaa-r] \rulei   [b,r](0pt,2mm)
The control sequence at the end of the top line
of your error message was never \def'ed. If you have
misspelled it (e.g., `\hobx'), type `I' and the correct
spelling (e.g., `I\hbox'). Otherwise just continue,
and I'll forget about whatever was undefined.

! Undefined control sequence.
l.51 \JoinCoffins \result[\aaa-t,\aaa
                                   -r] \rulei   [b,r](0pt,2mm)
The control sequence at the end of the top line
of your error message was never \def'ed. If you have
misspelled it (e.g., `\hobx'), type `I' and the correct
spelling (e.g., `I\hbox'). Otherwise just continue,
and I'll forget about whatever was undefined.

! Undefined control sequence.
l.51 \JoinCoffins \result[\aaa-t,\aaa-r] \rulei
                                                [b,r](0pt,2mm)
The control sequence at the end of the top line
of your error message was never \def'ed. If you have
misspelled it (e.g., `\hobx'), type `I' and the correct
spelling (e.g., `I\hbox'). Otherwise just continue,
and I'll forget about whatever was undefined.

! Undefined control sequence.
l.52 \JoinCoffins
                \result[\aaa-b,\aaa-l] \bbb     [B,r](2pt,0pt)
The control sequence at the end of the top line
of your error message was never \def'ed. If you have
misspelled it (e.g., `\hobx'), type `I' and the correct
spelling (e.g., `I\hbox'). Otherwise just continue,
and I'll forget about whatever was undefined.

! Undefined control sequence.
l.52 \JoinCoffins \result
                       [\aaa-b,\aaa-l] \bbb     [B,r](2pt,0pt)
The control sequence at the end of the top line
of your error message was never \def'ed. If you have
misspelled it (e.g., `\hobx'), type `I' and the correct
spelling (e.g., `I\hbox'). Otherwise just continue,
and I'll forget about whatever was undefined.

! Undefined control sequence.
l.52 \JoinCoffins \result[\aaa
                            -b,\aaa-l] \bbb     [B,r](2pt,0pt)
The control sequence at the end of the top line
of your error message was never \def'ed. If you have
misspelled it (e.g., `\hobx'), type `I' and the correct
spelling (e.g., `I\hbox'). Otherwise just continue,
and I'll forget about whatever was undefined.

! Undefined control sequence.
l.52 \JoinCoffins \result[\aaa-b,\aaa
                                   -l] \bbb     [B,r](2pt,0pt)
The control sequence at the end of the top line
of your error message was never \def'ed. If you have
misspelled it (e.g., `\hobx'), type `I' and the correct
spelling (e.g., `I\hbox'). Otherwise just continue,
and I'll forget about whatever was undefined.

! Undefined control sequence.
l.52 \JoinCoffins \result[\aaa-b,\aaa-l] \bbb
                                                [B,r](2pt,0pt)
The control sequence at the end of the top line
of your error message was never \def'ed. If you have
misspelled it (e.g., `\hobx'), type `I' and the correct
spelling (e.g., `I\hbox'). Otherwise just continue,
and I'll forget about whatever was undefined.

! Undefined control sequence.
l.53 \JoinCoffins
                \result[\bbb-t,\bbb-r] \ruleii  [t,r](-2mm,0pt)
The control sequence at the end of the top line
of your error message was never \def'ed. If you have
misspelled it (e.g., `\hobx'), type `I' and the correct
spelling (e.g., `I\hbox'). Otherwise just continue,
and I'll forget about whatever was undefined.

! Undefined control sequence.
l.53 \JoinCoffins \result
                       [\bbb-t,\bbb-r] \ruleii  [t,r](-2mm,0pt)
The control sequence at the end of the top line
of your error message was never \def'ed. If you have
misspelled it (e.g., `\hobx'), type `I' and the correct
spelling (e.g., `I\hbox'). Otherwise just continue,
and I'll forget about whatever was undefined.

! Undefined control sequence.
l.53 \JoinCoffins \result[\bbb
                            -t,\bbb-r] \ruleii  [t,r](-2mm,0pt)
The control sequence at the end of the top line
of your error message was never \def'ed. If you have
misspelled it (e.g., `\hobx'), type `I' and the correct
spelling (e.g., `I\hbox'). Otherwise just continue,
and I'll forget about whatever was undefined.

! Undefined control sequence.
l.53 \JoinCoffins \result[\bbb-t,\bbb
                                   -r] \ruleii  [t,r](-2mm,0pt)
The control sequence at the end of the top line
of your error message was never \def'ed. If you have
misspelled it (e.g., `\hobx'), type `I' and the correct
spelling (e.g., `I\hbox'). Otherwise just continue,
and I'll forget about whatever was undefined.

! Undefined control sequence.
l.53 \JoinCoffins \result[\bbb-t,\bbb-r] \ruleii
                                                [t,r](-2mm,0pt)
The control sequence at the end of the top line
of your error message was never \def'ed. If you have
misspelled it (e.g., `\hobx'), type `I' and the correct
spelling (e.g., `I\hbox'). Otherwise just continue,
and I'll forget about whatever was undefined.

! Undefined control sequence.
l.54 \JoinCoffins
                \result[\aaa-B,\aaa-r] \ccc     [B,l](66pt,14pc)
The control sequence at the end of the top line
of your error message was never \def'ed. If you have
misspelled it (e.g., `\hobx'), type `I' and the correct
spelling (e.g., `I\hbox'). Otherwise just continue,
and I'll forget about whatever was undefined.

! Undefined control sequence.
l.54 \JoinCoffins \result
                       [\aaa-B,\aaa-r] \ccc     [B,l](66pt,14pc)
The control sequence at the end of the top line
of your error message was never \def'ed. If you have
misspelled it (e.g., `\hobx'), type `I' and the correct
spelling (e.g., `I\hbox'). Otherwise just continue,
and I'll forget about whatever was undefined.

! Undefined control sequence.
l.54 \JoinCoffins \result[\aaa
                            -B,\aaa-r] \ccc     [B,l](66pt,14pc)
The control sequence at the end of the top line
of your error message was never \def'ed. If you have
misspelled it (e.g., `\hobx'), type `I' and the correct
spelling (e.g., `I\hbox'). Otherwise just continue,
and I'll forget about whatever was undefined.

! Undefined control sequence.
l.54 \JoinCoffins \result[\aaa-B,\aaa
                                   -r] \ccc     [B,l](66pt,14pc)
The control sequence at the end of the top line
of your error message was never \def'ed. If you have
misspelled it (e.g., `\hobx'), type `I' and the correct
spelling (e.g., `I\hbox'). Otherwise just continue,
and I'll forget about whatever was undefined.

! Undefined control sequence.
l.54 \JoinCoffins \result[\aaa-B,\aaa-r] \ccc
                                                [B,l](66pt,14pc)
The control sequence at the end of the top line
of your error message was never \def'ed. If you have
misspelled it (e.g., `\hobx'), type `I' and the correct
spelling (e.g., `I\hbox'). Otherwise just continue,
and I'll forget about whatever was undefined.

! Undefined control sequence.
l.55 \JoinCoffins
                \result[\bbb-l,\ccc-B] \fff     [t,r](-2mm,0pt)
The control sequence at the end of the top line
of your error message was never \def'ed. If you have
misspelled it (e.g., `\hobx'), type `I' and the correct
spelling (e.g., `I\hbox'). Otherwise just continue,
and I'll forget about whatever was undefined.

! Undefined control sequence.
l.55 \JoinCoffins \result
                       [\bbb-l,\ccc-B] \fff     [t,r](-2mm,0pt)
The control sequence at the end of the top line
of your error message was never \def'ed. If you have
misspelled it (e.g., `\hobx'), type `I' and the correct
spelling (e.g., `I\hbox'). Otherwise just continue,
and I'll forget about whatever was undefined.

! Undefined control sequence.
l.55 \JoinCoffins \result[\bbb
                            -l,\ccc-B] \fff     [t,r](-2mm,0pt)
The control sequence at the end of the top line
of your error message was never \def'ed. If you have
misspelled it (e.g., `\hobx'), type `I' and the correct
spelling (e.g., `I\hbox'). Otherwise just continue,
and I'll forget about whatever was undefined.

! Undefined control sequence.
l.55 \JoinCoffins \result[\bbb-l,\ccc
                                   -B] \fff     [t,r](-2mm,0pt)
The control sequence at the end of the top line
of your error message was never \def'ed. If you have
misspelled it (e.g., `\hobx'), type `I' and the correct
spelling (e.g., `I\hbox'). Otherwise just continue,
and I'll forget about whatever was undefined.

! Undefined control sequence.
l.55 \JoinCoffins \result[\bbb-l,\ccc-B] \fff
                                                [t,r](-2mm,0pt)
The control sequence at the end of the top line
of your error message was never \def'ed. If you have
misspelled it (e.g., `\hobx'), type `I' and the correct
spelling (e.g., `I\hbox'). Otherwise just continue,
and I'll forget about whatever was undefined.

! Undefined control sequence.
l.56 \JoinCoffins
                \result[\fff-b,\fff-r] \ruleiii [b,l](2mm,0pt)
The control sequence at the end of the top line
of your error message was never \def'ed. If you have
misspelled it (e.g., `\hobx'), type `I' and the correct
spelling (e.g., `I\hbox'). Otherwise just continue,
and I'll forget about whatever was undefined.

! Undefined control sequence.
l.56 \JoinCoffins \result
                       [\fff-b,\fff-r] \ruleiii [b,l](2mm,0pt)
The control sequence at the end of the top line
of your error message was never \def'ed. If you have
misspelled it (e.g., `\hobx'), type `I' and the correct
spelling (e.g., `I\hbox'). Otherwise just continue,
and I'll forget about whatever was undefined.

! Undefined control sequence.
l.56 \JoinCoffins \result[\fff
                            -b,\fff-r] \ruleiii [b,l](2mm,0pt)
The control sequence at the end of the top line
of your error message was never \def'ed. If you have
misspelled it (e.g., `\hobx'), type `I' and the correct
spelling (e.g., `I\hbox'). Otherwise just continue,
and I'll forget about whatever was undefined.

! Undefined control sequence.
l.56 \JoinCoffins \result[\fff-b,\fff
                                   -r] \ruleiii [b,l](2mm,0pt)
The control sequence at the end of the top line
of your error message was never \def'ed. If you have
misspelled it (e.g., `\hobx'), type `I' and the correct
spelling (e.g., `I\hbox'). Otherwise just continue,
and I'll forget about whatever was undefined.

! Undefined control sequence.
l.56 \JoinCoffins \result[\fff-b,\fff-r] \ruleiii
                                                [b,l](2mm,0pt)
The control sequence at the end of the top line
of your error message was never \def'ed. If you have
misspelled it (e.g., `\hobx'), type `I' and the correct
spelling (e.g., `I\hbox'). Otherwise just continue,
and I'll forget about whatever was undefined.

! Undefined control sequence.
l.57 \JoinCoffins
                \result[\ccc-r,\fff-l] \eee     [B,r]
The control sequence at the end of the top line
of your error message was never \def'ed. If you have
misspelled it (e.g., `\hobx'), type `I' and the correct
spelling (e.g., `I\hbox'). Otherwise just continue,
and I'll forget about whatever was undefined.

! Undefined control sequence.
l.57 \JoinCoffins \result
                       [\ccc-r,\fff-l] \eee     [B,r]
The control sequence at the end of the top line
of your error message was never \def'ed. If you have
misspelled it (e.g., `\hobx'), type `I' and the correct
spelling (e.g., `I\hbox'). Otherwise just continue,
and I'll forget about whatever was undefined.

! Undefined control sequence.
l.57 \JoinCoffins \result[\ccc
                            -r,\fff-l] \eee     [B,r]
The control sequence at the end of the top line
of your error message was never \def'ed. If you have
misspelled it (e.g., `\hobx'), type `I' and the correct
spelling (e.g., `I\hbox'). Otherwise just continue,
and I'll forget about whatever was undefined.

! Undefined control sequence.
l.57 \JoinCoffins \result[\ccc-r,\fff
                                   -l] \eee     [B,r]
The control sequence at the end of the top line
of your error message was never \def'ed. If you have
misspelled it (e.g., `\hobx'), type `I' and the correct
spelling (e.g., `I\hbox'). Otherwise just continue,
and I'll forget about whatever was undefined.

! Undefined control sequence.
l.57 \JoinCoffins \result[\ccc-r,\fff-l] \eee
                                                [B,r]
The control sequence at the end of the top line
of your error message was never \def'ed. If you have
misspelled it (e.g., `\hobx'), type `I' and the correct
spelling (e.g., `I\hbox'). Otherwise just continue,
and I'll forget about whatever was undefined.

! Undefined control sequence.
l.58 \JoinCoffins
                \result[\eee-T,\eee-r] \ddd     [B,r](0pt,4pc)
The control sequence at the end of the top line
of your error message was never \def'ed. If you have
misspelled it (e.g., `\hobx'), type `I' and the correct
spelling (e.g., `I\hbox'). Otherwise just continue,
and I'll forget about whatever was undefined.

! Undefined control sequence.
l.58 \JoinCoffins \result
                       [\eee-T,\eee-r] \ddd     [B,r](0pt,4pc)
The control sequence at the end of the top line
of your error message was never \def'ed. If you have
misspelled it (e.g., `\hobx'), type `I' and the correct
spelling (e.g., `I\hbox'). Otherwise just continue,
and I'll forget about whatever was undefined.

! Undefined control sequence.
l.58 \JoinCoffins \result[\eee
                            -T,\eee-r] \ddd     [B,r](0pt,4pc)
The control sequence at the end of the top line
of your error message was never \def'ed. If you have
misspelled it (e.g., `\hobx'), type `I' and the correct
spelling (e.g., `I\hbox'). Otherwise just continue,
and I'll forget about whatever was undefined.

! Undefined control sequence.
l.58 \JoinCoffins \result[\eee-T,\eee
                                   -r] \ddd     [B,r](0pt,4pc)
The control sequence at the end of the top line
of your error message was never \def'ed. If you have
misspelled it (e.g., `\hobx'), type `I' and the correct
spelling (e.g., `I\hbox'). Otherwise just continue,
and I'll forget about whatever was undefined.

! Undefined control sequence.
l.58 \JoinCoffins \result[\eee-T,\eee-r] \ddd
                                                [B,r](0pt,4pc)
The control sequence at the end of the top line
of your error message was never \def'ed. If you have
misspelled it (e.g., `\hobx'), type `I' and the correct
spelling (e.g., `I\hbox'). Otherwise just continue,
and I'll forget about whatever was undefined.

! Undefined control sequence.
l.59 \TypesetCoffin
                  \result
The control sequence at the end of the top line
of your error message was never \def'ed. If you have
misspelled it (e.g., `\hobx'), type `I' and the correct
spelling (e.g., `I\hbox'). Otherwise just continue,
and I'll forget about whatever was undefined.

! Undefined control sequence.
l.59 \TypesetCoffin \result
                         
The control sequence at the end of the top line
of your error message was never \def'ed. If you have
misspelled it (e.g., `\hobx'), type `I' and the correct
spelling (e.g., `I\hbox'). Otherwise just continue,
and I'll forget about whatever was undefined.

)
! Emergency stop.
<*> cover.tex
          
*** (job aborted, no legal \end found)



Here is how much of LuaTeX's memory you used:
 28 strings out of 494413
 100000,89155 words of node,token memory allocated 1784 words of node memory still in use:
   5 hlist, 2 rule, 1 local_par, 1 dir, 23 glue, 2 penalty, 182 glyph, 7 attribu
te, 35 glue_spec, 7 attribute_list, 1 temp nodes
   avail lists: 2:70,3:27,4:2,5:31,6:10,7:155,8:2,9:62,10:1,11:5
 4311 multiletter control sequences out of 65536+600000
 23 fonts using 1776743 bytes
 17i,4n,11p,95b,132s stack positions out of 5000i,500n,10000p,200000b,100000s
!  ==> Fatal error occurred, no output PDF file produced!
