This is LuaTeX, Version 1.07.0 (TeX Live 2018)  (format=lualatex 2018.7.27)  16 AUG 2024 14:17
 restricted system commands enabled.
**added_value.tex
(./added_value.tex
LaTeX2e <2018-04-01> patch level 2
Lua module: luaotfload-main 2017/01/29 2.80001 OpenType layout system.
Lua module: lualibs 2017-02-01 2.5 ConTeXt Lua standard libraries.
Lua module: lualibs-extended 2017-02-01 2.5 ConTeXt Lua libraries -- extended co
llection.(using write cache: /Users/lawless/Library/texlive/2018/texmf-var/luate
x-cache/generic)(using read cache: /usr/local/texlive/2018/texmf-var/luatex-cach
e/generic /Users/lawless/Library/texlive/2018/texmf-var/luatex-cache/generic)
luaotfload | conf : Root cache directory is /Users/lawless/Library/texlive/2018/
texmf-var/luatex-cache/generic/names.
luaotfload | init : Loading fontloader “fontloader-2017-02-11.lua” from kpse
-resolved path “/usr/local/texlive/2018/texmf-dist/tex/luatex/luaotfload/fontl
oader-2017-02-11.lua”.
Lua-only attribute luaotfload@state = 1
Lua-only attribute luaotfload@noligature = 2
Lua-only attribute luaotfload@syllabe = 3
luaotfload | init : Context OpenType loader version “3.027”
Inserting `luaotfload.node_processor' at position 1 in `pre_linebreak_filter'.
Inserting `luaotfload.node_processor' at position 1 in `hpack_filter'.
Inserting `luaotfload.define_font' at position 1 in `define_font'.
Lua-only attribute luaotfload_color_attribute = 4
luaotfload | conf : Root cache directory is /Users/lawless/Library/texlive/2018/
texmf-var/luatex-cache/generic/names.
Inserting `luaotfload.aux.set_sscale_dimens' at position 1 in `luaotfload.patch_
font'.
Inserting `luaotfload.aux.patch_cambria_domh' at position 2 in `luaotfload.patch
_font'.
Inserting `luaotfload.aux.fixup_fontdata' at position 1 in `luaotfload.patch_fon
t_unsafe'.
Inserting `luaotfload.aux.set_capheight' at position 3 in `luaotfload.patch_font
'.
Inserting `luaotfload.rewrite_fontname' at position 4 in `luaotfload.patch_font'
.
luaotfload | main : initialization completed in 0.171 seconds
Babel <3.18> and hyphenation patterns for 1 language(s) loaded.
! Undefined control sequence.
l.1 \subsection
             {Added value for the applicant's career and home institution}
The control sequence at the end of the top line
of your error message was never \def'ed. If you have
misspelled it (e.g., `\hobx'), type `I' and the correct
spelling (e.g., `I\hbox'). Otherwise just continue,
and I'll forget about whatever was undefined.


! LaTeX Error: Missing \begin{document}.

See the LaTeX manual or LaTeX Companion for explanation.
Type  H <return>  for immediate help.
 ...                                              
                                                  
l.1 \subsection{A
               dded value for the applicant's career and home institution}
You're in trouble here.  Try typing  <return>  to proceed.
If that doesn't work, type  X <return>  to quit.

! Undefined control sequence.
l.2 ...meSwift - the inaugural product from the \pmu
                                                   - I am building a novel a...
The control sequence at the end of the top line
of your error message was never \def'ed. If you have
misspelled it (e.g., `\hobx'), type `I' and the correct
spelling (e.g., `I\hbox'). Otherwise just continue,
and I'll forget about whatever was undefined.

! Undefined control sequence.
l.2 ...p skills to meet the expectations of the \pmu
                                                  .
The control sequence at the end of the top line
of your error message was never \def'ed. If you have
misspelled it (e.g., `\hobx'), type `I' and the correct
spelling (e.g., `I\hbox'). Otherwise just continue,
and I'll forget about whatever was undefined.


Overfull \hbox (20.0pt too wide) in paragraph at lines 1--4
[]Added
 []


! LaTeX Error: Missing \begin{document}.

See the LaTeX manual or LaTeX Companion for explanation.
Type  H <return>  for immediate help.
 ...                                              
                                                  
l.5 T
   his initiative will demonstrate \textbf{UZH}'s proficiency
You're in trouble here.  Try typing  <return>  to proceed.
If that doesn't work, type  X <return>  to quit.

luaotfload | db : Font names database loaded from /Users/lawless/Library/texlive
/2018/texmf-var/luatex-cache/generic/names/luaotfload-names.luc(load luc: /Users
/lawless/Library/texlive/2018/texmf-var/luatex-cache/generic/fonts/otl/lmroman10
-bold.luc)
Overfull \hbox (20.0pt too wide) in paragraph at lines 5--7
[]This
 []


Overfull \hbox (24.88pt too wide) in paragraph at lines 5--7
\TU/lmr/bx/n/10 UZH\nullfont 's
 []


! LaTeX Error: Missing \begin{document}.

See the LaTeX manual or LaTeX Companion for explanation.
Type  H <return>  for immediate help.
 ...                                              
                                                  
l.8 B
   y spearheading the adoption of innovative omic analysis techniques, this ...
You're in trouble here.  Try typing  <return>  to proceed.
If that doesn't work, type  X <return>  to quit.

! Undefined control sequence.
l.10 \href
        {https://downgit.github.io/#/home?url=https://github.com/DylanLawles...
The control sequence at the end of the top line
of your error message was never \def'ed. If you have
misspelled it (e.g., `\hobx'), type `I' and the correct
spelling (e.g., `I\hbox'). Otherwise just continue,
and I'll forget about whatever was undefined.

! You can't use `macro parameter character #' in horizontal mode.
l.10 \href{https://downgit.github.io/#
                                    /home?url=https://github.com/DylanLawles...
Sorry, but I'm not programmed to handle this case;
I'll just pretend that you didn''t ask for it.
If you're in the wrong mode, you might be able to
return to the right one by typing `I}' or `I$' or `I\par'.

! Missing $ inserted.
<inserted text> 
$
l.10 ...l=https://github.com/DylanLawless/precision_
                                                  med_group/blob/main/whitep...
I've inserted a begin-math/end-math symbol since I think
you left one out. Proceed, with fingers crossed.

LaTeX Font Info:    External font `cmex10' loaded for size
(Font)              <7> on input line 10.
LaTeX Font Info:    External font `cmex10' loaded for size
(Font)              <5> on input line 10.
! Extra }, or forgotten $.
l.10 ...p/blob/main/whitepaper_1/whitepaper_1.1.pdf}
                                                  {< link to github.com PDF ...
I've deleted a group-closing symbol because it seems to be
spurious, as in `$x}$'. But perhaps the } is legitimate and
you forgot something else, as in `\hbox{$x}'. In such cases
the way to recover is to insert both the forgotten and the
deleted material, e.g., by typing `I$}'.

! Missing $ inserted.
<inserted text> 
$
l.11 
   
I've inserted a begin-math/end-math symbol since I think
you left one out. Proceed, with fingers crossed.


Overfull \hbox (20.0pt too wide) in paragraph at lines 8--11
[]By
 []


Overfull \hbox (24.88pt too wide) in paragraph at lines 8--11
\TU/lmr/bx/n/10 UZH\nullfont 's
 []


Overfull \hbox (400.91148pt too wide) in paragraph at lines 8--11
https://downgit.github.io//home?url=https://github.com/DylanLawless/precision$[
][]\OML/cmm/m/it/10 ed[]roup=blob=main=whitepaper[]=whitepaper[]:\OT1/cmr/m/n/1
0 1\OML/cmm/m/it/10 :pdf[]:$ 
 []

! Undefined control sequence.
l.12 \subsection
              {Value analysis}
The control sequence at the end of the top line
of your error message was never \def'ed. If you have
misspelled it (e.g., `\hobx'), type `I' and the correct
spelling (e.g., `I\hbox'). Otherwise just continue,
and I'll forget about whatever was undefined.


! LaTeX Error: Missing \begin{document}.

See the LaTeX manual or LaTeX Companion for explanation.
Type  H <return>  for immediate help.
 ...                                              
                                                  
l.12 \subsection{V
                alue analysis}
You're in trouble here.  Try typing  <return>  to proceed.
If that doesn't work, type  X <return>  to quit.


Overfull \hbox (20.0pt too wide) in paragraph at lines 12--13
[]Value
 []

! Undefined control sequence.
l.14 \subsubsection
                 {Comparable benchmarks}
The control sequence at the end of the top line
of your error message was never \def'ed. If you have
misspelled it (e.g., `\hobx'), type `I' and the correct
spelling (e.g., `I\hbox'). Otherwise just continue,
and I'll forget about whatever was undefined.


! LaTeX Error: Missing \begin{document}.

See the LaTeX manual or LaTeX Companion for explanation.
Type  H <return>  for immediate help.
 ...                                              
                                                  
l.14 \subsubsection{C
                   omparable benchmarks}
You're in trouble here.  Try typing  <return>  to proceed.
If that doesn't work, type  X <return>  to quit.


Overfull \hbox (20.0pt too wide) in paragraph at lines 14--18
[]Comparable
 []


! LaTeX Error: Missing \begin{document}.

See the LaTeX manual or LaTeX Companion for explanation.
Type  H <return>  for immediate help.
 ...                                              
                                                  
l.19 T
    he economic impact of critical care \citep{van2022hospital} reveals subs...
You're in trouble here.  Try typing  <return>  to proceed.
If that doesn't work, type  X <return>  to quit.

! Undefined control sequence.
l.19 The economic impact of critical care \citep
                                              {van2022hospital} reveals subs...
The control sequence at the end of the top line
of your error message was never \def'ed. If you have
misspelled it (e.g., `\hobx'), type `I' and the correct
spelling (e.g., `I\hbox'). Otherwise just continue,
and I'll forget about whatever was undefined.

! Undefined control sequence.
l.19 ...c insights for critically ill infants \citep
                                                  {meng2017use}, molecular d...
The control sequence at the end of the top line
of your error message was never \def'ed. If you have
misspelled it (e.g., `\hobx'), type `I' and the correct
spelling (e.g., `I\hbox'). Otherwise just continue,
and I'll forget about whatever was undefined.

! Undefined control sequence.
l.19 ...ti-omics approaches for rare diseases \citep
                                                  {lunke2023integrated} impr...
The control sequence at the end of the top line
of your error message was never \def'ed. If you have
misspelled it (e.g., `\hobx'), type `I' and the correct
spelling (e.g., `I\hbox'). Otherwise just continue,
and I'll forget about whatever was undefined.

! Undefined control sequence.
l.19 ...omic lifespan associations in Iceland \citep
                                                  {jensson2023actionable} id...
The control sequence at the end of the top line
of your error message was never \def'ed. If you have
misspelled it (e.g., `\hobx'), type `I' and the correct
spelling (e.g., `I\hbox'). Otherwise just continue,
and I'll forget about whatever was undefined.

! Undefined control sequence.
l.19 ...realm of neurodevelopmental disorders \citep
                                                  {sanchis2023genome}, combi...
The control sequence at the end of the top line
of your error message was never \def'ed. If you have
misspelled it (e.g., `\hobx'), type `I' and the correct
spelling (e.g., `I\hbox'). Otherwise just continue,
and I'll forget about whatever was undefined.

! Undefined control sequence.
l.19 ...id whole-genome sequencing in the UAE \citep
                                                  {abou2023rapid} demonstrat...
The control sequence at the end of the top line
of your error message was never \def'ed. If you have
misspelled it (e.g., `\hobx'), type `I' and the correct
spelling (e.g., `I\hbox'). Otherwise just continue,
and I'll forget about whatever was undefined.

! Undefined control sequence.
l.19 ...e genome sequencing for rare diseases \citep
                                                  {wojcik2024genome} achieve...
The control sequence at the end of the top line
of your error message was never \def'ed. If you have
misspelled it (e.g., `\hobx'), type `I' and the correct
spelling (e.g., `I\hbox'). Otherwise just continue,
and I'll forget about whatever was undefined.

! Undefined control sequence.
l.19 ...nd genomic diagnostics in paediatrics \citep
                                                  {wright2023genomic} throug...
The control sequence at the end of the top line
of your error message was never \def'ed. If you have
misspelled it (e.g., `\hobx'), type `I' and the correct
spelling (e.g., `I\hbox'). Otherwise just continue,
and I'll forget about whatever was undefined.


Overfull \hbox (20.0pt too wide) in paragraph at lines 19--20
[]The
 []

! Undefined control sequence.
l.21 \subsection
              {Analysis results for \pmu}
The control sequence at the end of the top line
of your error message was never \def'ed. If you have
misspelled it (e.g., `\hobx'), type `I' and the correct
spelling (e.g., `I\hbox'). Otherwise just continue,
and I'll forget about whatever was undefined.


! LaTeX Error: Missing \begin{document}.

See the LaTeX manual or LaTeX Companion for explanation.
Type  H <return>  for immediate help.
 ...                                              
                                                  
l.21 \subsection{A
                nalysis results for \pmu}
You're in trouble here.  Try typing  <return>  to proceed.
If that doesn't work, type  X <return>  to quit.

! Undefined control sequence.
l.21 \subsection{Analysis results for \pmu
                                        }
The control sequence at the end of the top line
of your error message was never \def'ed. If you have
misspelled it (e.g., `\hobx'), type `I' and the correct
spelling (e.g., `I\hbox'). Otherwise just continue,
and I'll forget about whatever was undefined.

! Undefined control sequence.
l.25 The \pmu
            cost analysis overview is shown in figure
The control sequence at the end of the top line
of your error message was never \def'ed. If you have
misspelled it (e.g., `\hobx'), type `I' and the correct
spelling (e.g., `I\hbox'). Otherwise just continue,
and I'll forget about whatever was undefined.

(load luc: /Users/lawless/Library/texlive/2018/texmf-var/luatex-cache/generic/fo
nts/otl/lmroman10-regular.luc)
! Undefined control sequence.
<write> ...Reference `fig:cost_analysis' on page \thepage 
                                                  \space undefined\on@line .
l.26 \ref{fig:cost_analysis}
                          .
The control sequence at the end of the top line
of your error message was never \def'ed. If you have
misspelled it (e.g., `\hobx'), type `I' and the correct
spelling (e.g., `I\hbox'). Otherwise just continue,
and I'll forget about whatever was undefined.


LaTeX Warning: Reference `fig:cost_analysis' on page  undefined on input line 26
.


Overfull \hbox (20.0pt too wide) in paragraph at lines 21--27
[]Analysis
 []


Overfull \hbox (10.85999pt too wide) in paragraph at lines 21--27
[]. 
 []


! LaTeX Error: Environment figure undefined.

See the LaTeX manual or LaTeX Companion for explanation.
Type  H <return>  for immediate help.
 ...                                              
                                                  
l.28 \begin{figure}
                 [h] \hspace*{0cm}
Your command was ignored.
Type  I <command> <return>  to replace it with another command,
or  <return>  to continue without it.


! LaTeX Error: Missing \begin{document}.

See the LaTeX manual or LaTeX Companion for explanation.
Type  H <return>  for immediate help.
 ...                                              
                                                  
l.28 \begin{figure}[
                  h] \hspace*{0cm}
You're in trouble here.  Try typing  <return>  to proceed.
If that doesn't work, type  X <return>  to quit.


Overfull \hbox (20.0pt too wide) in paragraph at lines 28--29
[][h]
 []

! Undefined control sequence.
l.30 	\includegraphics
                    [width=0.90\textwidth]{../../stats/foph_key_stats/output...
The control sequence at the end of the top line
of your error message was never \def'ed. If you have
misspelled it (e.g., `\hobx'), type `I' and the correct
spelling (e.g., `I\hbox'). Otherwise just continue,
and I'll forget about whatever was undefined.

! Missing number, treated as zero.
<to be read again> 
]
l.30 	\includegraphics[width=0.90\textwidth]
                                          {../../stats/foph_key_stats/output...
A number should have been here; I inserted `0'.
(If you can't figure out why I needed to see a number,
look up `weird error' in the index to The TeXbook.)

! Illegal unit of measure (pt inserted).
<to be read again> 
]
l.30 	\includegraphics[width=0.90\textwidth]
                                          {../../stats/foph_key_stats/output...
Dimensions can be in units of em, ex, in, pt, pc,
cm, mm, dd, cc, nd, nc, bp, or sp; but yours is a new one!
I'll assume that you meant to say pt, for printer's points.
To recover gracefully from this error, it's best to
delete the erroneous units; e.g., type `2' to delete
two letters. (See Chapter 27 of The TeXbook.)

! Missing $ inserted.
<inserted text> 
$
l.30 ...hics[width=0.90\textwidth]{../../stats/foph_
                                                  key_stats/output/p_cost}
I've inserted a begin-math/end-math symbol since I think
you left one out. Proceed, with fingers crossed.

! Extra }, or forgotten $.
l.30 ...h]{../../stats/foph_key_stats/output/p_cost}
                                                  
I've deleted a group-closing symbol because it seems to be
spurious, as in `$x}$'. But perhaps the } is legitimate and
you forgot something else, as in `\hbox{$x}'. In such cases
the way to recover is to insert both the forgotten and the
deleted material, e.g., by typing `I$}'.


! LaTeX Error: \caption outside float.

See the LaTeX manual or LaTeX Companion for explanation.
Type  H <return>  for immediate help.
 ...                                              
                                                  
l.31 	\caption
            {Projections for Kispi with a \pmu (2010-2030). Federal statisti...
You're in trouble here.  Try typing  <return>  to proceed.
If that doesn't work, type  X <return>  to quit.

! Undefined control sequence.
l.31 	\caption{Projections for Kispi with a \pmu
                                               (2010-2030). Federal statisti...
The control sequence at the end of the top line
of your error message was never \def'ed. If you have
misspelled it (e.g., `\hobx'), type `I' and the correct
spelling (e.g., `I\hbox'). Otherwise just continue,
and I'll forget about whatever was undefined.

! Undefined control sequence.
l.32 	In the most similar application to our \pmu
                                               ;
The control sequence at the end of the top line
of your error message was never \def'ed. If you have
misspelled it (e.g., `\hobx'), type `I' and the correct
spelling (e.g., `I\hbox'). Otherwise just continue,
and I'll forget about whatever was undefined.

! Undefined control sequence.
l.33 	\citet
          {lunke2023integrated}
The control sequence at the end of the top line
of your error message was never \def'ed. If you have
misspelled it (e.g., `\hobx'), type `I' and the correct
spelling (e.g., `I\hbox'). Otherwise just continue,
and I'll forget about whatever was undefined.


! LaTeX Error: Command \end{center} invalid in math mode.

See the LaTeX manual or LaTeX Companion for explanation.
Type  H <return>  for immediate help.
 ...                                              
                                                  
l.37 \end{center}
               
Try typing  <return>  to proceed.
If that doesn't work, type  X <return>  to quit.


! LaTeX Error: Something's wrong--perhaps a missing \item.

See the LaTeX manual or LaTeX Companion for explanation.
Type  H <return>  for immediate help.
 ...                                              
                                                  
l.37 \end{center}
               
Try typing  <return>  to proceed.
If that doesn't work, type  X <return>  to quit.


! LaTeX Error: Something's wrong--perhaps a missing \item.

See the LaTeX manual or LaTeX Companion for explanation.
Type  H <return>  for immediate help.
 ...                                              
                                                  
l.37 \end{center}
               
Try typing  <return>  to proceed.
If that doesn't work, type  X <return>  to quit.

! Missing $ inserted.
<inserted text> 
$
l.37 \end{center}
               
I've inserted something that you may have forgotten.
(See the <inserted text> above.)
With luck, this will get me unwedged. But if you
really didn't forget anything, try typing `2' now; then
my insertion and my current dilemma will both disappear.

Missing character: There is no ü (U+00FC) in font cmmi10!
Missing character: There is no ü (U+00FC) in font cmmi10!
! Missing } inserted.
<inserted text> 
}
l.37 \end{center}
               
I've inserted something that you may have forgotten.
(See the <inserted text> above.)
With luck, this will get me unwedged. But if you
really didn't forget anything, try typing `2' now; then
my insertion and my current dilemma will both disappear.


! LaTeX Error: \begin{document} ended by \end{figure}.

See the LaTeX manual or LaTeX Companion for explanation.
Type  H <return>  for immediate help.
 ...                                              
                                                  
l.38 \end{figure}
               
Your command was ignored.
Type  I <command> <return>  to replace it with another command,
or  <return>  to continue without it.


Overfull \hbox (2118.95624pt too wide) in paragraph at lines 30--39
[width=0.90]../../stats/foph$[][]\OML/cmm/m/it/10 ey[]tats=output=p[]ost[][]$
 []

! Undefined control sequence.
l.40 A more accurate demonstration of the \pmu
                                             can be seen with a specific dis...
The control sequence at the end of the top line
of your error message was never \def'ed. If you have
misspelled it (e.g., `\hobx'), type `I' and the correct
spelling (e.g., `I\hbox'). Otherwise just continue,
and I'll forget about whatever was undefined.

! Undefined control sequence.
<write> ...ig:p_cases_sepsis_uni_yearly' on page \thepage 
                                                  \space undefined\on@line .
l.44 \ref{fig:p_cases_sepsis_kispi_yearly_forecast}}
                                                  .
The control sequence at the end of the top line
of your error message was never \def'ed. If you have
misspelled it (e.g., `\hobx'), type `I' and the correct
spelling (e.g., `I\hbox'). Otherwise just continue,
and I'll forget about whatever was undefined.


LaTeX Warning: Reference `fig:p_cases_sepsis_uni_yearly' on page  undefined on i
nput line 44.

! Undefined control sequence.
<write> ...sepsis_kispi_yearly_forecast' on page \thepage 
                                                  \space undefined\on@line .
l.44 \ref{fig:p_cases_sepsis_kispi_yearly_forecast}}
                                                  .
The control sequence at the end of the top line
of your error message was never \def'ed. If you have
misspelled it (e.g., `\hobx'), type `I' and the correct
spelling (e.g., `I\hbox'). Otherwise just continue,
and I'll forget about whatever was undefined.


LaTeX Warning: Reference `fig:p_cases_sepsis_kispi_yearly_forecast' on page  und
efined on input line 44.


Overfull \hbox (20.0pt too wide) in paragraph at lines 40--46
[]A
 []


Overfull \hbox (15.97pt too wide) in paragraph at lines 40--46
\TU/lmr/bx/n/10 fig-
 []


Overfull \hbox (20.94pt too wide) in paragraph at lines 40--46
\TU/lmr/bx/n/10 ures
 []


Overfull \hbox (14.04999pt too wide) in paragraph at lines 40--46
[]\TU/lmr/bx/n/10 ,
 []


Overfull \hbox (10.85999pt too wide) in paragraph at lines 40--46
[]. 
 []

! Undefined control sequence.
<write> ...ig:p_cases_sepsis_uni_yearly' on page \thepage 
                                                  \space undefined\on@line .
l.49 \ref{fig:p_cases_sepsis_uni_yearly}}
                                       .
The control sequence at the end of the top line
of your error message was never \def'ed. If you have
misspelled it (e.g., `\hobx'), type `I' and the correct
spelling (e.g., `I\hbox'). Otherwise just continue,
and I'll forget about whatever was undefined.


LaTeX Warning: Reference `fig:p_cases_sepsis_uni_yearly' on page  undefined on i
nput line 49.

! Undefined control sequence.
<write> ...sepsis_kispi_yearly_forecast' on page \thepage 
                                                  \space undefined\on@line .
l.51 ...f{fig:p_cases_sepsis_kispi_yearly_forecast}}
                                                  
The control sequence at the end of the top line
of your error message was never \def'ed. If you have
misspelled it (e.g., `\hobx'), type `I' and the correct
spelling (e.g., `I\hbox'). Otherwise just continue,
and I'll forget about whatever was undefined.


LaTeX Warning: Reference `fig:p_cases_sepsis_kispi_yearly_forecast' on page  und
efined on input line 51.

! Undefined control sequence.
l.52 ...the number of deaths due to sepsis in \kispi
                                                  
The control sequence at the end of the top line
of your error message was never \def'ed. If you have
misspelled it (e.g., `\hobx'), type `I' and the correct
spelling (e.g., `I\hbox'). Otherwise just continue,
and I'll forget about whatever was undefined.

! Undefined control sequence.
<write> ...erence `sec:benefit_analysis' on page \thepage 
                                                  \space undefined\on@line .
l.55 \textbf{\ref{sec:benefit_analysis}}
                                      
The control sequence at the end of the top line
of your error message was never \def'ed. If you have
misspelled it (e.g., `\hobx'), type `I' and the correct
spelling (e.g., `I\hbox'). Otherwise just continue,
and I'll forget about whatever was undefined.


LaTeX Warning: Reference `sec:benefit_analysis' on page  undefined on input line
 55.

! Undefined control sequence.
l.58 \citep
         {wright2023genomic, wojcik2024genome}
The control sequence at the end of the top line
of your error message was never \def'ed. If you have
misspelled it (e.g., `\hobx'), type `I' and the correct
spelling (e.g., `I\hbox'). Otherwise just continue,
and I'll forget about whatever was undefined.

! Undefined control sequence.
l.59 ...management in 77\% of diagnosed cases \citep
                                                  {lunke2023integrated}.
The control sequence at the end of the top line
of your error message was never \def'ed. If you have
misspelled it (e.g., `\hobx'), type `I' and the correct
spelling (e.g., `I\hbox'). Otherwise just continue,
and I'll forget about whatever was undefined.

! Undefined control sequence.
l.61  \citep
          {abou2023rapid}.
The control sequence at the end of the top line
of your error message was never \def'ed. If you have
misspelled it (e.g., `\hobx'), type `I' and the correct
spelling (e.g., `I\hbox'). Otherwise just continue,
and I'll forget about whatever was undefined.


Overfull \hbox (20.0pt too wide) in paragraph at lines 47--64
[]First
 []


Overfull \hbox (15.97pt too wide) in paragraph at lines 47--64
\TU/lmr/bx/n/10 fig-
 []


Overfull \hbox (16.40001pt too wide) in paragraph at lines 47--64
\TU/lmr/bx/n/10 ure
 []


Overfull \hbox (10.85999pt too wide) in paragraph at lines 47--64
[].
 []


Overfull \hbox (20.01001pt too wide) in paragraph at lines 47--64
\TU/lmr/bx/n/10 Fig-
 []


Overfull \hbox (16.40001pt too wide) in paragraph at lines 47--64
\TU/lmr/bx/n/10 ure
 []


Overfull \hbox (10.85999pt too wide) in paragraph at lines 47--64
[]
 []


Overfull \hbox (10.85999pt too wide) in paragraph at lines 47--64
[]
 []


! LaTeX Error: Environment figure undefined.

See the LaTeX manual or LaTeX Companion for explanation.
Type  H <return>  for immediate help.
 ...                                              
                                                  
l.65 \begin{figure}
                 [h] \hspace*{0cm}
Your command was ignored.
Type  I <command> <return>  to replace it with another command,
or  <return>  to continue without it.


Overfull \hbox (20.0pt too wide) in paragraph at lines 65--66
[][h]
 []

! Undefined control sequence.
l.67 	\includegraphics
                    [width=1\textwidth]{../../stats/foph_key_stats/output/p_...
The control sequence at the end of the top line
of your error message was never \def'ed. If you have
misspelled it (e.g., `\hobx'), type `I' and the correct
spelling (e.g., `I\hbox'). Otherwise just continue,
and I'll forget about whatever was undefined.

! Missing number, treated as zero.
<to be read again> 
]
l.67 	\includegraphics[width=1\textwidth]
                                       {../../stats/foph_key_stats/output/p_...
A number should have been here; I inserted `0'.
(If you can't figure out why I needed to see a number,
look up `weird error' in the index to The TeXbook.)

! Illegal unit of measure (pt inserted).
<to be read again> 
]
l.67 	\includegraphics[width=1\textwidth]
                                       {../../stats/foph_key_stats/output/p_...
Dimensions can be in units of em, ex, in, pt, pc,
cm, mm, dd, cc, nd, nc, bp, or sp; but yours is a new one!
I'll assume that you meant to say pt, for printer's points.
To recover gracefully from this error, it's best to
delete the erroneous units; e.g., type `2' to delete
two letters. (See Chapter 27 of The TeXbook.)

! Missing $ inserted.
<inserted text> 
$
l.67 ...raphics[width=1\textwidth]{../../stats/foph_
                                                  key_stats/output/p_cases_s...
I've inserted a begin-math/end-math symbol since I think
you left one out. Proceed, with fingers crossed.

! Extra }, or forgotten $.
l.67 ..._key_stats/output/p_cases_sepsis_uni_yearly}
                                                  
I've deleted a group-closing symbol because it seems to be
spurious, as in `$x}$'. But perhaps the } is legitimate and
you forgot something else, as in `\hbox{$x}'. In such cases
the way to recover is to insert both the forgotten and the
deleted material, e.g., by typing `I$}'.


! LaTeX Error: \caption outside float.

See the LaTeX manual or LaTeX Companion for explanation.
Type  H <return>  for immediate help.
 ...                                              
                                                  
l.68 	\caption
            {Yearly deaths due to sepsis at University hospitals across Swit...
You're in trouble here.  Try typing  <return>  to proceed.
If that doesn't work, type  X <return>  to quit.

! Undefined control sequence.
l.70 	\url
        {https://www.bag.admin.ch/} for years 2010-2022.
The control sequence at the end of the top line
of your error message was never \def'ed. If you have
misspelled it (e.g., `\hobx'), type `I' and the correct
spelling (e.g., `I\hbox'). Otherwise just continue,
and I'll forget about whatever was undefined.


! LaTeX Error: Command \end{center} invalid in math mode.

See the LaTeX manual or LaTeX Companion for explanation.
Type  H <return>  for immediate help.
 ...                                              
                                                  
l.75 \end{center}
               
Try typing  <return>  to proceed.
If that doesn't work, type  X <return>  to quit.


! LaTeX Error: Something's wrong--perhaps a missing \item.

See the LaTeX manual or LaTeX Companion for explanation.
Type  H <return>  for immediate help.
 ...                                              
                                                  
l.75 \end{center}
               
Try typing  <return>  to proceed.
If that doesn't work, type  X <return>  to quit.


! LaTeX Error: Something's wrong--perhaps a missing \item.

See the LaTeX manual or LaTeX Companion for explanation.
Type  H <return>  for immediate help.
 ...                                              
                                                  
l.75 \end{center}
               
Try typing  <return>  to proceed.
If that doesn't work, type  X <return>  to quit.

! Missing $ inserted.
<inserted text> 
$
l.75 \end{center}
               
I've inserted something that you may have forgotten.
(See the <inserted text> above.)
With luck, this will get me unwedged. But if you
really didn't forget anything, try typing `2' now; then
my insertion and my current dilemma will both disappear.

Missing character: There is no ̈ (U+0308) in font cmmi10!
Missing character: There is no ̈ (U+0308) in font cmmi10!
! Missing } inserted.
<inserted text> 
}
l.75 \end{center}
               
I've inserted something that you may have forgotten.
(See the <inserted text> above.)
With luck, this will get me unwedged. But if you
really didn't forget anything, try typing `2' now; then
my insertion and my current dilemma will both disappear.


! LaTeX Error: \begin{document} ended by \end{figure}.

See the LaTeX manual or LaTeX Companion for explanation.
Type  H <return>  for immediate help.
 ...                                              
                                                  
l.76 \end{figure}
               
Your command was ignored.
Type  I <command> <return>  to replace it with another command,
or  <return>  to continue without it.


Overfull \hbox (1373.83636pt too wide) in paragraph at lines 67--77
[width=1]../../stats/foph$[][]\OML/cmm/m/it/10 ey[]tats=output=p[]ases[]epsis[]
ni[]early[][]$
 []


! LaTeX Error: Environment figure undefined.

See the LaTeX manual or LaTeX Companion for explanation.
Type  H <return>  for immediate help.
 ...                                              
                                                  
l.78 \begin{figure}
                 [h] \hspace*{0cm}
Your command was ignored.
Type  I <command> <return>  to replace it with another command,
or  <return>  to continue without it.


Overfull \hbox (20.0pt too wide) in paragraph at lines 78--79
[][h]
 []

! Undefined control sequence.
l.80 	\includegraphics
                    [width=1\textwidth]{../../stats/foph_key_stats/output/p_...
The control sequence at the end of the top line
of your error message was never \def'ed. If you have
misspelled it (e.g., `\hobx'), type `I' and the correct
spelling (e.g., `I\hbox'). Otherwise just continue,
and I'll forget about whatever was undefined.

! Missing number, treated as zero.
<to be read again> 
]
l.80 	\includegraphics[width=1\textwidth]
                                       {../../stats/foph_key_stats/output/p_...
A number should have been here; I inserted `0'.
(If you can't figure out why I needed to see a number,
look up `weird error' in the index to The TeXbook.)

! Illegal unit of measure (pt inserted).
<to be read again> 
]
l.80 	\includegraphics[width=1\textwidth]
                                       {../../stats/foph_key_stats/output/p_...
Dimensions can be in units of em, ex, in, pt, pc,
cm, mm, dd, cc, nd, nc, bp, or sp; but yours is a new one!
I'll assume that you meant to say pt, for printer's points.
To recover gracefully from this error, it's best to
delete the erroneous units; e.g., type `2' to delete
two letters. (See Chapter 27 of The TeXbook.)

! Missing $ inserted.
<inserted text> 
$
l.80 ...raphics[width=1\textwidth]{../../stats/foph_
                                                  key_stats/output/p_cases_s...
I've inserted a begin-math/end-math symbol since I think
you left one out. Proceed, with fingers crossed.

! Extra }, or forgotten $.
l.80 ...output/p_cases_sepsis_kispi_yearly_forecast}
                                                  
I've deleted a group-closing symbol because it seems to be
spurious, as in `$x}$'. But perhaps the } is legitimate and
you forgot something else, as in `\hbox{$x}'. In such cases
the way to recover is to insert both the forgotten and the
deleted material, e.g., by typing `I$}'.


! LaTeX Error: \caption outside float.

See the LaTeX manual or LaTeX Companion for explanation.
Type  H <return>  for immediate help.
 ...                                              
                                                  
l.81 	\caption
            {Yearly deaths due to sepsis at \kispi.
You're in trouble here.  Try typing  <return>  to proceed.
If that doesn't work, type  X <return>  to quit.

! Undefined control sequence.
l.81 	\caption{Yearly deaths due to sepsis at \kispi
                                                  .
The control sequence at the end of the top line
of your error message was never \def'ed. If you have
misspelled it (e.g., `\hobx'), type `I' and the correct
spelling (e.g., `I\hbox'). Otherwise just continue,
and I'll forget about whatever was undefined.

! Undefined control sequence.
l.83 	\url
        {https://www.bag.admin.ch/} for years 2010-2022.
The control sequence at the end of the top line
of your error message was never \def'ed. If you have
misspelled it (e.g., `\hobx'), type `I' and the correct
spelling (e.g., `I\hbox'). Otherwise just continue,
and I'll forget about whatever was undefined.

! Undefined control sequence.
<write> ...erence `sec:benefit_analysis' on page \thepage 
                                                  \space undefined\on@line .
l.86 	\ref{sec:benefit_analysis}
                              .	
The control sequence at the end of the top line
of your error message was never \def'ed. If you have
misspelled it (e.g., `\hobx'), type `I' and the correct
spelling (e.g., `I\hbox'). Otherwise just continue,
and I'll forget about whatever was undefined.


LaTeX Warning: Reference `sec:benefit_analysis' on page  undefined on input line
 86.


! LaTeX Error: Command \end{center} invalid in math mode.

See the LaTeX manual or LaTeX Companion for explanation.
Type  H <return>  for immediate help.
 ...                                              
                                                  
l.91 \end{center}
               
Try typing  <return>  to proceed.
If that doesn't work, type  X <return>  to quit.


! LaTeX Error: Something's wrong--perhaps a missing \item.

See the LaTeX manual or LaTeX Companion for explanation.
Type  H <return>  for immediate help.
 ...                                              
                                                  
l.91 \end{center}
               
Try typing  <return>  to proceed.
If that doesn't work, type  X <return>  to quit.


! LaTeX Error: Something's wrong--perhaps a missing \item.

See the LaTeX manual or LaTeX Companion for explanation.
Type  H <return>  for immediate help.
 ...                                              
                                                  
l.91 \end{center}
               
Try typing  <return>  to proceed.
If that doesn't work, type  X <return>  to quit.

! Missing $ inserted.
<inserted text> 
$
l.91 \end{center}
               
I've inserted something that you may have forgotten.
(See the <inserted text> above.)
With luck, this will get me unwedged. But if you
really didn't forget anything, try typing `2' now; then
my insertion and my current dilemma will both disappear.

Missing character: There is no ̈ (U+0308) in font cmmi10!
Missing character: There is no ̈ (U+0308) in font cmmi10!
! Missing } inserted.
<inserted text> 
}
l.91 \end{center}
               
I've inserted something that you may have forgotten.
(See the <inserted text> above.)
With luck, this will get me unwedged. But if you
really didn't forget anything, try typing `2' now; then
my insertion and my current dilemma will both disappear.


! LaTeX Error: \begin{document} ended by \end{figure}.

See the LaTeX manual or LaTeX Companion for explanation.
Type  H <return>  for immediate help.
 ...                                              
                                                  
l.92 \end{figure}
               
Your command was ignored.
Type  I <command> <return>  to replace it with another command,
or  <return>  to continue without it.


Overfull \hbox (2008.38701pt too wide) in paragraph at lines 80--93
[width=1]../../stats/foph$[][]\OML/cmm/m/it/10 ey[]tats=output=p[]ases[]epsis[]
ispi[]early[]orecast[][]$
 []

! Undefined control sequence.
l.94 To put the work of the \pmu
                               in perspective, we look at the total number c...
The control sequence at the end of the top line
of your error message was never \def'ed. If you have
misspelled it (e.g., `\hobx'), type `I' and the correct
spelling (e.g., `I\hbox'). Otherwise just continue,
and I'll forget about whatever was undefined.

! Undefined control sequence.
l.94 ... the total number case statistics for \kispi
                                                  .
The control sequence at the end of the top line
of your error message was never \def'ed. If you have
misspelled it (e.g., `\hobx'), type `I' and the correct
spelling (e.g., `I\hbox'). Otherwise just continue,
and I'll forget about whatever was undefined.

! Undefined control sequence.
<write> ...ses_per_indicator_kispi_2022' on page \thepage 
                                                  \space undefined\on@line .
l.97 ... \ref{fig:p_cases_per_indicator_kispi_2022}}
                                                    shows the the indicators...
The control sequence at the end of the top line
of your error message was never \def'ed. If you have
misspelled it (e.g., `\hobx'), type `I' and the correct
spelling (e.g., `I\hbox'). Otherwise just continue,
and I'll forget about whatever was undefined.


LaTeX Warning: Reference `fig:p_cases_per_indicator_kispi_2022' on page  undefin
ed on input line 97.


Overfull \hbox (20.0pt too wide) in paragraph at lines 94--98
[]To
 []


Overfull \hbox (31.94pt too wide) in paragraph at lines 94--98
\TU/lmr/bx/n/10 10’261\nullfont .
 []


Overfull \hbox (11.5pt too wide) in paragraph at lines 94--98
\TU/lmr/bx/n/10 74
 []


Overfull \hbox (20.01001pt too wide) in paragraph at lines 94--98
\TU/lmr/bx/n/10 Fig-
 []


Overfull \hbox (16.40001pt too wide) in paragraph at lines 94--98
\TU/lmr/bx/n/10 ure
 []


Overfull \hbox (10.85999pt too wide) in paragraph at lines 94--98
[]
 []

)
! Emergency stop.
<*> added_value.tex
                
*** (job aborted, no legal \end found)



Here is how much of LuaTeX's memory you used:
 32 strings out of 494413
 100000,89155 words of node,token memory allocated 52523 words of node memory still in use:
   121 hlist, 3 rule, 22 disc, 16 local_par, 1 dir, 8 math, 951 glue, 210 kern, 
51 penalty, 6083 glyph, 80 attribute, 35 glue_spec, 80 attribute_list, 3 write n
odes
   avail lists: 2:4,3:403,4:201,5:8,7:71,8:429,10:200
 4312 multiletter control sequences out of 65536+600000
 26 fonts using 1476487 bytes
 18i,5n,16p,1629b,154s stack positions out of 5000i,500n,10000p,200000b,100000s
!  ==> Fatal error occurred, no output PDF file produced!
