\BOOKMARK [1][-]{section.1}{Core philosophy}{}% 1
\BOOKMARK [1][-]{section.2}{Executive summary}{}% 2
\BOOKMARK [1][-]{section.3}{Introduction}{}% 3
\BOOKMARK [1][-]{section.4}{Key products}{}% 4
\BOOKMARK [1][-]{section.5}{Multi-omics integration}{}% 5
\BOOKMARK [1][-]{section.6}{Project management}{}% 6
\BOOKMARK [1][-]{section.7}{Data flow}{}% 7
\BOOKMARK [1][-]{section.8}{Clinical implementation and future prospects}{}% 8
\BOOKMARK [1][-]{section.9}{Strategic collaborations}{}% 9
\BOOKMARK [1][-]{section.10}{Funding model and sustainability}{}% 10
\BOOKMARK [1][-]{section.11}{Key performance indicators}{}% 11
\BOOKMARK [1][-]{section.12}{Single-source management in precision medicine}{}% 12
\BOOKMARK [1][-]{section.13}{IVDR compliance documentation and version controls}{}% 13
\BOOKMARK [1][-]{section.14}{Future directions and innovation}{}% 14
\BOOKMARK [1][-]{section.15}{Future products}{}% 15
\BOOKMARK [1][-]{section.16}{Benefit analysis}{}% 16
\BOOKMARK [1][-]{section.17}{Intellectual property}{}% 17
\BOOKMARK [1][-]{section.18}{Conclusion}{}% 18
\BOOKMARK [1][-]{section.19}{Abbreviations}{}% 19
\BOOKMARK [1][-]{section.20}{Supplemental}{}% 20
